-------------------------------------------------------------------------------
Test set: com.uom.breporter.service.bug.BugServiceTest
-------------------------------------------------------------------------------
Tests run: 1, Failures: 0, Errors: 1, Skipped: 0, Time elapsed: 0.039 sec <<< FAILURE! - in com.uom.breporter.service.bug.BugServiceTest
testGetListForBuildingGrid(com.uom.breporter.service.bug.BugServiceTest)  Time elapsed: 0.007 sec  <<< ERROR!
java.lang.NullPointerException: null
	at com.uom.breporter.service.bug.BugServiceTest.testGetListForBuildingGrid(BugServiceTest.java:60)

