<?xml version="1.0" encoding="UTF-8"?>
<testsuite name="com.uom.breporter.service.bug.BugServiceTest" time="0.007" tests="1" errors="1" skipped="0" failures="0">
  <properties>
[...]
</properties>
  <testcase name="testGetListForBuildingGrid" classname="com.uom.breporter.service.bug.BugServiceTest" time="0.007">
    <error type="java.lang.NullPointerException:">java.lang.NullPointerException: null
	at com.uom.breporter.service.bug.BugServiceTest.testGetListForBuildingGrid(BugServiceTest.java:60)
</error>
  </testcase>
</testsuite>